<?xml version="1.0" encoding="UTF-8"?>
<!-- Generated by org.testng.reporters.JUnitReportReporter -->
<testsuite hostname="QSP" failures="0" tests="1" name="curdOperations.Test0" time="4.940" errors="0" timestamp="2021-10-12T06:31:15 IST" skipped="0">
  <testcase classname="curdOperations.Test0" name="getProjects" time="4.940"/>
</testsuite> <!-- curdOperations.Test0 -->
