<?xml version="1.0" encoding="UTF-8"?>
<!-- Generated by org.testng.reporters.JUnitReportReporter -->
<testsuite hostname="QSP" failures="0" tests="1" name="demoApp.GetOperation" time="5.556" errors="0" timestamp="2021-10-12T06:21:46 IST" skipped="0">
  <testcase classname="demoApp.GetOperation" name="get" time="5.556"/>
</testsuite> <!-- demoApp.GetOperation -->
