<?xml version="1.0" encoding="UTF-8"?>
<!-- Generated by org.testng.reporters.JUnitReportReporter -->
<testsuite hostname="QSP" failures="0" tests="1" name="validation.Test0" time="8.712" errors="0" timestamp="2021-10-15T06:42:49 IST" skipped="0">
  <testcase classname="validation.Test0" name="get" time="8.712"/>
</testsuite> <!-- validation.Test0 -->
