<?xml version="1.0" encoding="UTF-8"?>
<!-- Generated by org.testng.reporters.JUnitReportReporter -->
<testsuite hostname="QSP" failures="0" tests="1" name="gitHubApplication.DeleteOperation" time="6.413" errors="0" timestamp="2021-10-13T06:37:55 IST" skipped="0">
  <testcase classname="gitHubApplication.DeleteOperation" name="delete" time="6.413"/>
</testsuite> <!-- gitHubApplication.DeleteOperation -->
