<?xml version="1.0" encoding="UTF-8"?>
<!-- Generated by org.testng.reporters.JUnitReportReporter -->
<testsuite hostname="QSP" failures="0" tests="1" name="gitHubApplication.GetOperation" time="5.650" errors="0" timestamp="2021-10-13T06:16:33 IST" skipped="0">
  <testcase classname="gitHubApplication.GetOperation" name="get" time="5.650"/>
</testsuite> <!-- gitHubApplication.GetOperation -->
