<?xml version="1.0" encoding="UTF-8"?>
<!-- Generated by org.testng.reporters.JUnitReportReporter -->
<testsuite hostname="QSP" failures="0" tests="1" name="jacksonSeralization.Deseralization" time="0.983" errors="0" timestamp="2021-10-16T06:55:17 IST" skipped="0">
  <testcase classname="jacksonSeralization.Deseralization" name="demo" time="0.983"/>
</testsuite> <!-- jacksonSeralization.Deseralization -->
