<?xml version="1.0" encoding="UTF-8"?>
<!-- Generated by org.testng.reporters.JUnitReportReporter -->
<testsuite hostname="QSP" failures="0" tests="1" name="gitHubApplication.PostOperation" time="6.592" errors="0" timestamp="2021-10-13T06:24:07 IST" skipped="0">
  <testcase classname="gitHubApplication.PostOperation" name="post" time="6.592"/>
</testsuite> <!-- gitHubApplication.PostOperation -->
