<?xml version="1.0" encoding="UTF-8"?>
<!-- Generated by org.testng.reporters.JUnitReportReporter -->
<testsuite hostname="QSP" failures="0" tests="1" name="jacksonSeralization.Serlaization" time="0.956" errors="0" timestamp="2021-10-16T06:49:57 IST" skipped="0">
  <testcase classname="jacksonSeralization.Serlaization" name="demo" time="0.956"/>
</testsuite> <!-- jacksonSeralization.Serlaization -->
