<?xml version="1.0" encoding="UTF-8"?>
<!-- Generated by org.testng.reporters.JUnitReportReporter -->
<testsuite hostname="QSP" failures="0" tests="1" name="curdOperations.PatchOperation" time="5.976" errors="0" timestamp="2021-10-13T06:08:22 IST" skipped="0">
  <testcase classname="curdOperations.PatchOperation" name="post1" time="5.976"/>
</testsuite> <!-- curdOperations.PatchOperation -->
