<?xml version="1.0" encoding="UTF-8"?>
<!-- Generated by org.testng.reporters.JUnitReportReporter -->
<testsuite hostname="QSP" failures="0" tests="1" name="gitHubApplication.PostOperation2" time="8.356" errors="0" timestamp="2021-10-16T07:00:33 IST" skipped="0">
  <testcase classname="gitHubApplication.PostOperation2" name="post" time="8.356"/>
</testsuite> <!-- gitHubApplication.PostOperation2 -->
