<?xml version="1.0" encoding="UTF-8"?>
<!-- Generated by org.testng.reporters.JUnitReportReporter -->
<testsuite hostname="QSP" failures="0" tests="1" name="validation.Test2" time="6.655" errors="0" timestamp="2021-10-19T06:24:41 IST" skipped="0">
  <testcase classname="validation.Test2" name="tc2" time="6.655"/>
</testsuite> <!-- validation.Test2 -->
