<?xml version="1.0" encoding="UTF-8"?>
<!-- Generated by org.testng.reporters.JUnitReportReporter -->
<testsuite hostname="QSP" failures="0" tests="1" name="gitHubApplication.PatchOperation" time="6.553" errors="0" timestamp="2021-10-13T06:33:02 IST" skipped="0">
  <testcase classname="gitHubApplication.PatchOperation" name="patch" time="6.553"/>
</testsuite> <!-- gitHubApplication.PatchOperation -->
