<?xml version="1.0" encoding="UTF-8"?>
<!-- Generated by org.testng.reporters.JUnitReportReporter -->
<testsuite hostname="QSP" failures="0" tests="1" name="curdOperations.DeleteOperation" time="5.623" errors="0" timestamp="2021-10-13T06:11:02 IST" skipped="0">
  <testcase classname="curdOperations.DeleteOperation" name="delete" time="5.623"/>
</testsuite> <!-- curdOperations.DeleteOperation -->
