<?xml version="1.0" encoding="UTF-8"?>
<!-- Generated by org.testng.reporters.JUnitReportReporter -->
<testsuite hostname="QSP" failures="0" tests="1" name="parameters.Get" time="5.883" errors="0" timestamp="2021-10-13T06:45:16 IST" skipped="0">
  <testcase classname="parameters.Get" name="get" time="5.883"/>
</testsuite> <!-- parameters.Get -->
