<?xml version="1.0" encoding="UTF-8"?>
<!-- Generated by org.testng.reporters.JUnitReportReporter -->
<testsuite hostname="QSP" failures="0" tests="1" name="parameters.Queryparam" time="7.793" errors="0" timestamp="2021-10-13T06:51:04 IST" skipped="0">
  <testcase classname="parameters.Queryparam" name="demo" time="7.793"/>
</testsuite> <!-- parameters.Queryparam -->
