<?xml version="1.0" encoding="UTF-8"?>
<!-- Generated by org.testng.reporters.JUnitReportReporter -->
<testsuite hostname="QSP" failures="0" tests="1" name="demoApp.PostOperation" time="5.754" errors="0" timestamp="2021-10-12T06:46:13 IST" skipped="0">
  <testcase classname="demoApp.PostOperation" name="post" time="5.754"/>
</testsuite> <!-- demoApp.PostOperation -->
